
ROM used:   222/32768 (1%)
            226/32768 (1%) including unused fragments

            0.2 Average locations per line
            6.3 Average locations per statement

RAM used:   5/2048 (0%) at main() level
            5/2048 (0%) worst case

Stack used: 0 worst case (0 in main + 0 for interrupts)
Stack size: 31

Lines Stmts  %   Files
----- ----- ---  -----
   97    35 100  ADC.c
  972     0   0  D:\Programas\PICC\Devices\18F45K50.h
----- -----
 1069    35 Total

Page ROM  %  RAM    Vol Diff  Functions:
---- --- --- ---    --- ----  ----------
0     44  10    0     54  1.2  SisInit
0    174  39    0    661  3.8  MAIN
 Inline         0    362  2.3  @cinit1

Program metrics:
    Functions               3
    Statements              35
    Comments                212
    Volume (V)              1333
    Difficulty (D)          7.3
    Effort to implement (E) 9749
    Time to implement (T)   9 minutes
    Est Delivered Bugs (B)  0
    Cyclomatic Complexity   9
    Maintainability (MI)    121

 Segment     Used  Free
-----------  ----  ----
00000-01FFE     0  8192  
02000-02006     4  4  
02008-07FFE   218  24350  



