CCS PCH C Compiler, Version 5.090, 13314               01-dic.-20 10:01

               Filename:   C:\Users\Martin Hdez\Desktop\18F45K50\Práctica 5 – ADC\ADC.lst

               ROM used:   222 bytes (1%)
                           Largest free fragment is 24350
               RAM used:   5 (0%) at main() level
                           5 (0%) worst case
               Stack used: 0 locations
               Stack size: 31

*
2000:  GOTO   2034
.................... /*
.................... AUTOR: MICROSIDE TECHNOLOGY S.A. DE C.V.
.................... FECHA: JUNIO 2019
.................... */
.................... 
.................... /*
.................... ---------------------------------------------------------------------------
.................... Implementar una lectura analógica de un potenciómetro y desplegar el valor
.................... en 8 LEDs
.................... ---------------------------------------------------------------------------
.................... */
.................... 
.................... #include <18F45K50.h>                          //Incluye el microcontrolador con el que se va a trabajar 
.................... //////////// Standard Header file for the PIC18F45K50 device ////////////////
.................... ///////////////////////////////////////////////////////////////////////////
.................... ////        (C) Copyright 1996, 2014 Custom Computer Services          ////
.................... //// This source code may only be used by licensed users of the CCS C  ////
.................... //// compiler.  This source code may only be distributed to other      ////
.................... //// licensed users of the CCS C compiler.  No other use, reproduction ////
.................... //// or distribution is permitted without written permission.          ////
.................... //// Derivative programs created using this software in object code    ////
.................... //// form are not restricted in any way.                               ////
.................... ///////////////////////////////////////////////////////////////////////////
.................... #device PIC18F45K50
.................... 
.................... #list
.................... 
.................... #DEVICE ADC=8                                  //Configura el ADC a 8 bits
.................... #use delay(internal=48MHz)                     //Tipo de oscilador y frecuencia dependiendo del microcontrolador 
.................... #build(reset=0x02000,interrupt=0x02008)        //Asigna los vectores de reset e interrupción para la versión con bootloader
.................... #org 0x0000,0x1FFF {}                          //Reserva espacio en memoria para el bootloader
.................... 
.................... int ValorPot;                                  //Variable para almacenar el valor leído del ADC
.................... 
.................... void SisInit(void)
.................... 
.................... {
.................... set_tris_b (0X00);                             //Configura todo el puerto B como salidas digitales
*
2008:  MOVLW  00
200A:  MOVWF  F93
.................... setup_adc_ports (sAN0);                        //Configura solo el puerto A0 como entrada analógica
200C:  MOVF   FC1,W
200E:  ANDLW  F0
2010:  MOVWF  FC1
2012:  MOVLW  01
2014:  MOVLB  F
2016:  MOVWF  x5B
2018:  MOVLW  00
201A:  MOVWF  x5F
201C:  MOVWF  x5C
201E:  MOVWF  x5D
2020:  MOVWF  x5E
.................... setup_adc (ADC_CLOCK_INTERNAL);                //Configura oscilador interno para la conversión
2022:  MOVF   FC0,W
2024:  ANDLW  C0
2026:  IORLW  07
2028:  MOVWF  FC0
202A:  BCF    FC0.7
202C:  BSF    FC2.0
202E:  MOVLB  0
2030:  GOTO   2056 (RETURN)
.................... }
.................... 
....................  
.................... void main()
2034:  CLRF   FF8
2036:  BCF    FD0.7
2038:  MOVLW  70
203A:  MOVWF  FD3
203C:  CLRF   FD2
203E:  CLRF   F9B
2040:  MOVLB  F
2042:  CLRF   x5B
2044:  CLRF   x5C
2046:  CLRF   x5D
2048:  CLRF   x5E
204A:  CLRF   x5F
204C:  CLRF   F9A
204E:  CLRF   F99
2050:  CLRF   F98
.................... 
.................... {
....................               SisInit () ;
2052:  MOVLB  0
2054:  BRA    2008
.................... 
....................               while (1)
.................... 
....................                     {
....................                           set_adc_channel (0);                       //Selecciona el canal 0 para la conversión
2056:  MOVLW  00
2058:  MOVWF  01
205A:  MOVF   FC2,W
205C:  ANDLW  83
205E:  IORWF  01,W
2060:  MOVWF  FC2
....................                          ValorPot = read_adc ();                     //Lee el valor del ADC y lo guarda en la variable
2062:  BSF    FC2.1
2064:  BTFSC  FC2.1
2066:  BRA    2064
2068:  MOVFF  FC4,04
....................                          
....................                           if (ValorPot <= 28)                        //Compara el valor de el ADC con 28
206C:  MOVF   04,W
206E:  SUBLW  1C
2070:  BNC   2078
....................                                 {
....................                                     output_b (0b00000000);           // Leds activos
2072:  CLRF   F93
2074:  CLRF   F8A
....................                                 }
2076:  BRA    20DE
.................... 
....................                            else if (ValorPot <= 56)                  //Compara el valor de el ADC con 56
2078:  MOVF   04,W
207A:  SUBLW  38
207C:  BNC   2086
.................... 
....................                                 {
....................                                     output_b (0b00000001);           // Leds activos
207E:  CLRF   F93
2080:  MOVLW  01
2082:  MOVWF  F8A
....................                                 }
2084:  BRA    20DE
.................... 
....................                             else if (ValorPot <= 84)                 //Compara el valor de el ADC con 84
2086:  MOVF   04,W
2088:  SUBLW  54
208A:  BNC   2094
.................... 
....................                                 {
....................                                     output_b (0b00000011);           // Leds activos
208C:  CLRF   F93
208E:  MOVLW  03
2090:  MOVWF  F8A
....................                                 }
2092:  BRA    20DE
.................... 
....................                            else if (ValorPot <= 112)                 //Compara el valor de el ADC con 112
2094:  MOVF   04,W
2096:  SUBLW  70
2098:  BNC   20A2
.................... 
....................                                 {
....................                                       output_b (0b00000111);         // Leds activos
209A:  CLRF   F93
209C:  MOVLW  07
209E:  MOVWF  F8A
....................                                 }
20A0:  BRA    20DE
.................... 
....................                            else if (ValorPot <= 140)                 //Compara el valor de el ADC con 140
20A2:  MOVF   04,W
20A4:  SUBLW  8C
20A6:  BNC   20B0
.................... 
....................                                 {
....................                                       output_b (0b00001111);         // Leds activos
20A8:  CLRF   F93
20AA:  MOVLW  0F
20AC:  MOVWF  F8A
....................                                 }
20AE:  BRA    20DE
.................... 
....................                             else if (ValorPot <= 168)                //Compara el valor de el ADC con 168
20B0:  MOVF   04,W
20B2:  SUBLW  A8
20B4:  BNC   20BE
.................... 
....................                                  {
....................                                         output_b (0b00011111);       // Leds activos
20B6:  CLRF   F93
20B8:  MOVLW  1F
20BA:  MOVWF  F8A
....................                                  }
20BC:  BRA    20DE
.................... 
....................                              else if (ValorPot <= 196)               //Compara el valor de el ADC con 196
20BE:  MOVF   04,W
20C0:  SUBLW  C4
20C2:  BNC   20CC
.................... 
....................                                  {
....................                                          output_b (0b00111111);      // Leds activos
20C4:  CLRF   F93
20C6:  MOVLW  3F
20C8:  MOVWF  F8A
....................                                  }
20CA:  BRA    20DE
.................... 
....................                              else if (ValorPot <= 252)               //Compara el valor de el ADC con 252
20CC:  MOVF   04,W
20CE:  SUBLW  FC
20D0:  BNC   20DA
.................... 
....................                                  {
....................                                        output_b (0b01111111);        // Leds activos
20D2:  CLRF   F93
20D4:  MOVLW  7F
20D6:  MOVWF  F8A
....................                                  }
20D8:  BRA    20DE
.................... 
....................                              else if (ValorPot <= 255)               //Compara el valor de el ADC con 255
.................... 
....................                                    {
....................                                         output_b (0b11111111);      // Leds activos
20DA:  CLRF   F93
20DC:  SETF   F8A
....................                                     }
20DE:  BRA    2056
.................... 
....................                }
.................... 
.................... }
20E0:  SLEEP 

Configuration Fuses:
   Word  1: C823   PLL3X PLLEN NOCPUDIV LS48MHZ INTRC_IO PRIMARY_SW FCMEN IESO
   Word  2: 3C5E   PUT BROWNOUT BORV19 NOLPBOR NOWDT WDT32768
   Word  3: D300   CCP2C1 PBADEN T3CKC0 SDOB3 MCLR
   Word  4: 00A1   STVREN NOLVP ICSP2 NOXINST NODEBUG
   Word  5: C00F   NOPROTECT NOCPB NOCPD
   Word  6: E00F   NOWRT NOWRTC NOWRTB NOWRTD
   Word  7: 400F   NOEBTR NOEBTRB
