
ROM used:   196/32768 (1%)
            200/32768 (1%) including unused fragments

            0.2 Average locations per line
            5.4 Average locations per statement

RAM used:   5/2048 (0%) at main() level
            5/2048 (0%) worst case

Stack used: 0 worst case (0 in main + 0 for interrupts)
Stack size: 31

Lines Stmts  %   Files
----- ----- ---  -----
  121    36 100  ADC.c
  861     0   0  D:\Programas\PICC\Devices\18F4550.h
----- -----
  982    36 Total

Page ROM  %  RAM    Vol Diff  Functions:
---- --- --- ---    --- ----  ----------
0     34   9    0     72  1.2  SisInit
0    158  40    0    661  3.8  MAIN
 Inline         0    362  2.3  @cinit1

Program metrics:
    Functions               3
    Statements              36
    Comments                201
    Volume (V)              1366
    Difficulty (D)          7.3
    Effort to implement (E) 10005
    Time to implement (T)   9 minutes
    Est Delivered Bugs (B)  0
    Cyclomatic Complexity   9
    Maintainability (MI)    104

 Segment     Used  Free
-----------  ----  ----
00000-01FFE     0  8192  
02000-02006     4  4  
02008-07FFE   192  24376  



